<?xml version="1.0" encoding="UTF-8"?>
<!-- Generated by org.testng.reporters.JUnitXMLReporter -->
<testsuite hostname="MrunaliDeskTop-1410" ignored="0" name="Test" tests="1" failures="1" timestamp="2019-12-13T13:45:10 EST" time="20.812" errors="0">
  <testcase name="testcase2" time="1.673" classname="com.testcase.tc_2">
    <failure type="java.lang.AssertionError" message="did not expect to find [true] but found [false]">
      <![CDATA[java.lang.AssertionError: did not expect to find [true] but found [false]
at com.pageObject.MultiSelect.drop(MultiSelect.java:42)
at com.testcase.tc_2.testcase2(tc_2.java:16)
at java.util.ArrayList.forEach(Unknown Source)
... Removed 31 stack frames]]>
    </failure>
  </testcase> <!-- testcase2 -->
</testsuite> <!-- Test -->
